2023-08-23 10:27:01,297 [Worker-7: Loading available Gradle versions] INFO  o.e.b.c.i.u.g.PublishedGradleVersions - Gradle version information cache is out-of-date. Trying to update.
2023-08-23 11:40:36,797 [Worker-6: Loading available Gradle versions] INFO  o.e.b.c.i.u.g.PublishedGradleVersions - Gradle version information cache is up-to-date. Trying to read.
2023-08-23 11:47:19,710 [Worker-6: Enabling Maven Dependency Management] INFO  o.e.m.c.i.l.LifecycleMappingFactory - Using org.eclipse.m2e.jdt.JarLifecycleMapping lifecycle mapping for MavenProject: Product-client:Product-client:0.0.1-SNAPSHOT @ C:\Users\user\eclipse-workspace\Amdcs_wsdemo\Product-client\pom.xml.
2023-08-23 11:47:21,517 [Worker-23: Building] WARN  o.e.m.c.i.embedder.EclipseLogger - Using platform encoding (Cp1252 actually) to copy filtered resources, i.e. build is platform dependent!
2023-08-23 11:47:21,538 [Worker-23: Building] INFO  o.e.m.c.i.embedder.EclipseLogger - skip non existing resourceDirectory C:\Users\user\eclipse-workspace\Amdcs_wsdemo\Product-client\src\main\resources
2023-08-23 11:47:21,540 [Worker-23: Building] WARN  o.e.m.c.i.embedder.EclipseLogger - Using platform encoding (Cp1252 actually) to copy filtered resources, i.e. build is platform dependent!
2023-08-23 11:47:21,541 [Worker-23: Building] INFO  o.e.m.c.i.embedder.EclipseLogger - skip non existing resourceDirectory C:\Users\user\eclipse-workspace\Amdcs_wsdemo\Product-client\src\test\resources
2023-08-23 11:47:21,564 [Worker-6: Enabling Maven Dependency Management] INFO  o.e.m.j.i.AbstractJavaProjectConfigurator - Adding source folder /Product-client/src
2023-08-23 11:47:21,565 [Worker-6: Enabling Maven Dependency Management] INFO  o.e.m.j.i.AbstractJavaProjectConfigurator - Not adding source folder /Product-client/src/test/java because it overlaps with /Product-client/src
2023-08-23 11:47:21,695 [Worker-6: Enabling Maven Dependency Management] INFO  o.e.m.c.i.p.ProjectConfigurationManager - Update started
2023-08-23 11:47:21,941 [Worker-6: Enabling Maven Dependency Management] INFO  o.e.m.c.i.l.LifecycleMappingFactory - Using org.eclipse.m2e.jdt.JarLifecycleMapping lifecycle mapping for MavenProject: Product-client:Product-client:0.0.1-SNAPSHOT @ C:\Users\user\eclipse-workspace\Amdcs_wsdemo\Product-client\pom.xml.
2023-08-23 11:47:22,098 [Worker-6: Enabling Maven Dependency Management] INFO  o.e.m.j.i.AbstractJavaProjectConfigurator - Adding source folder /Product-client/src
2023-08-23 11:47:22,098 [Worker-6: Enabling Maven Dependency Management] INFO  o.e.m.j.i.AbstractJavaProjectConfigurator - Not adding source folder /Product-client/src/test/java because it overlaps with /Product-client/src
2023-08-23 11:47:22,142 [Worker-6: Enabling Maven Dependency Management] INFO  o.e.m.c.i.p.ProjectConfigurationManager - Update completed: 0 sec
2023-08-23 11:47:22,327 [Worker-24: Building] WARN  o.e.m.c.i.embedder.EclipseLogger - Using platform encoding (Cp1252 actually) to copy filtered resources, i.e. build is platform dependent!
2023-08-23 11:47:22,328 [Worker-24: Building] INFO  o.e.m.c.i.embedder.EclipseLogger - skip non existing resourceDirectory C:\Users\user\eclipse-workspace\Amdcs_wsdemo\Product-client\src\main\resources
2023-08-23 11:47:22,330 [Worker-24: Building] WARN  o.e.m.c.i.embedder.EclipseLogger - Using platform encoding (Cp1252 actually) to copy filtered resources, i.e. build is platform dependent!
2023-08-23 11:47:22,331 [Worker-24: Building] INFO  o.e.m.c.i.embedder.EclipseLogger - skip non existing resourceDirectory C:\Users\user\eclipse-workspace\Amdcs_wsdemo\Product-client\src\test\resources
2023-08-23 11:47:29,638 [Worker-18: Building] INFO  o.e.m.c.i.l.LifecycleMappingFactory - Using org.eclipse.m2e.jdt.JarLifecycleMapping lifecycle mapping for MavenProject: Product-client:Product-client:0.0.1-SNAPSHOT @ C:\Users\user\eclipse-workspace\Amdcs_wsdemo\Product-client\pom.xml.
2023-08-23 11:47:29,875 [Worker-18: Building] WARN  o.e.m.c.i.embedder.EclipseLogger - Using platform encoding (Cp1252 actually) to copy filtered resources, i.e. build is platform dependent!
2023-08-23 11:47:29,875 [Worker-18: Building] INFO  o.e.m.c.i.embedder.EclipseLogger - skip non existing resourceDirectory C:\Users\user\eclipse-workspace\Amdcs_wsdemo\Product-client\src\main\resources
2023-08-23 11:47:29,877 [Worker-18: Building] WARN  o.e.m.c.i.embedder.EclipseLogger - Using platform encoding (Cp1252 actually) to copy filtered resources, i.e. build is platform dependent!
2023-08-23 11:47:29,878 [Worker-18: Building] INFO  o.e.m.c.i.embedder.EclipseLogger - skip non existing resourceDirectory C:\Users\user\eclipse-workspace\Amdcs_wsdemo\Product-client\src\test\resources
2023-08-23 11:47:31,231 [Worker-22: Building] WARN  o.e.m.c.i.embedder.EclipseLogger - Using platform encoding (Cp1252 actually) to copy filtered resources, i.e. build is platform dependent!
2023-08-23 11:47:31,232 [Worker-22: Building] INFO  o.e.m.c.i.embedder.EclipseLogger - skip non existing resourceDirectory C:\Users\user\eclipse-workspace\Amdcs_wsdemo\Product-client\src\main\resources
2023-08-23 11:47:31,233 [Worker-22: Building] WARN  o.e.m.c.i.embedder.EclipseLogger - Using platform encoding (Cp1252 actually) to copy filtered resources, i.e. build is platform dependent!
2023-08-23 11:47:31,234 [Worker-22: Building] INFO  o.e.m.c.i.embedder.EclipseLogger - skip non existing resourceDirectory C:\Users\user\eclipse-workspace\Amdcs_wsdemo\Product-client\src\test\resources
2023-08-23 11:55:11,969 [Worker-30: Building] WARN  o.e.m.c.i.embedder.EclipseLogger - Using platform encoding (Cp1252 actually) to copy filtered resources, i.e. build is platform dependent!
2023-08-23 11:55:11,973 [Worker-30: Building] INFO  o.e.m.c.i.embedder.EclipseLogger - skip non existing resourceDirectory C:\Users\user\eclipse-workspace\Amdcs_wsdemo\Product-client\src\main\resources
2023-08-23 11:55:11,975 [Worker-30: Building] WARN  o.e.m.c.i.embedder.EclipseLogger - Using platform encoding (Cp1252 actually) to copy filtered resources, i.e. build is platform dependent!
2023-08-23 11:55:11,977 [Worker-30: Building] INFO  o.e.m.c.i.embedder.EclipseLogger - skip non existing resourceDirectory C:\Users\user\eclipse-workspace\Amdcs_wsdemo\Product-client\src\test\resources
2023-08-23 11:58:18,639 [Worker-27: Building] WARN  o.e.m.c.i.embedder.EclipseLogger - Using platform encoding (Cp1252 actually) to copy filtered resources, i.e. build is platform dependent!
2023-08-23 11:58:18,640 [Worker-27: Building] INFO  o.e.m.c.i.embedder.EclipseLogger - skip non existing resourceDirectory C:\Users\user\eclipse-workspace\Amdcs_wsdemo\Product-client\src\main\resources
2023-08-23 11:58:18,640 [Worker-27: Building] WARN  o.e.m.c.i.embedder.EclipseLogger - Using platform encoding (Cp1252 actually) to copy filtered resources, i.e. build is platform dependent!
2023-08-23 11:58:18,642 [Worker-27: Building] INFO  o.e.m.c.i.embedder.EclipseLogger - skip non existing resourceDirectory C:\Users\user\eclipse-workspace\Amdcs_wsdemo\Product-client\src\test\resources
2023-08-23 12:37:06,449 [Worker-45: Building] WARN  o.e.m.c.i.embedder.EclipseLogger - Using platform encoding (Cp1252 actually) to copy filtered resources, i.e. build is platform dependent!
2023-08-23 12:37:06,451 [Worker-45: Building] INFO  o.e.m.c.i.embedder.EclipseLogger - skip non existing resourceDirectory C:\Users\user\eclipse-workspace\Amdcs_wsdemo\Product-client\src\main\resources
2023-08-23 12:37:06,452 [Worker-45: Building] WARN  o.e.m.c.i.embedder.EclipseLogger - Using platform encoding (Cp1252 actually) to copy filtered resources, i.e. build is platform dependent!
2023-08-23 12:37:06,452 [Worker-45: Building] INFO  o.e.m.c.i.embedder.EclipseLogger - skip non existing resourceDirectory C:\Users\user\eclipse-workspace\Amdcs_wsdemo\Product-client\src\test\resources
2023-08-23 12:40:29,489 [Worker-31: Building] WARN  o.e.m.c.i.embedder.EclipseLogger - Using platform encoding (Cp1252 actually) to copy filtered resources, i.e. build is platform dependent!
2023-08-23 12:40:29,490 [Worker-31: Building] INFO  o.e.m.c.i.embedder.EclipseLogger - skip non existing resourceDirectory C:\Users\user\eclipse-workspace\Amdcs_wsdemo\Product-client\src\main\resources
2023-08-23 12:40:29,491 [Worker-31: Building] WARN  o.e.m.c.i.embedder.EclipseLogger - Using platform encoding (Cp1252 actually) to copy filtered resources, i.e. build is platform dependent!
2023-08-23 12:40:29,492 [Worker-31: Building] INFO  o.e.m.c.i.embedder.EclipseLogger - skip non existing resourceDirectory C:\Users\user\eclipse-workspace\Amdcs_wsdemo\Product-client\src\test\resources
